<?xml version="1.0" encoding="UTF-8"?>
<robot generator="Robot 3.1.2 (Python 3.7.0 on win32)" generated="20201225 18:45:07.631" rpa="false">
<suite id="s1" name="Testcase" source="E:\taidiiStaffdevelopment\testcase">
<suite id="s1-s1" name="登录学校账号" source="E:\taidiiStaffdevelopment\testcase\登录学校账号">
<kw name="Run Keywords" library="BuiltIn" type="setup">
<doc>Executes all the given keywords in a sequence.</doc>
<arguments>
<arg>login sys</arg>
<arg>AND</arg>
<arg>go to staff train</arg>
</arguments>
<kw name="Login Sys" library="pages.login_taidii.Login">
<status status="PASS" starttime="20201225 18:45:13.816" endtime="20201225 18:45:15.189"></status>
</kw>
<kw name="Go To Staff Train" library="pages.staffDevelopment.StaffDevelopment">
<status status="PASS" starttime="20201225 18:45:15.189" endtime="20201225 18:45:16.664"></status>
</kw>
<status status="PASS" starttime="20201225 18:45:13.816" endtime="20201225 18:45:16.664"></status>
</kw>
<suite id="s1-s1-s1" name="Rob" source="E:\taidiiStaffdevelopment\testcase\登录学校账号\rob.robot">
<test id="s1-s1-s1-t1" name="进入老师成长-职工培训 001">
<kw name="Create Online Course" library="pages.staffDevelopment.StaffDevelopment">
<assign>
<var>${coursename}</var>
</assign>
<msg timestamp="20201225 18:45:23.275" level="INFO">${coursename} = 自动默认课程名称</msg>
<status status="PASS" starttime="20201225 18:45:16.676" endtime="20201225 18:45:23.275"></status>
</kw>
<kw name="Course List" library="pages.staffDevelopment.StaffDevelopment">
<assign>
<var>${courselist}</var>
</assign>
<msg timestamp="20201225 18:45:26.631" level="INFO">${courselist} = ['自动默认课程名称', '最新课程aa', '带作业的课程-管理中心', '生肖课程', 'sandy老师没有积分的', '咕噜咕噜']</msg>
<status status="PASS" starttime="20201225 18:45:23.276" endtime="20201225 18:45:26.631"></status>
</kw>
<kw name="Should Be True" library="BuiltIn">
<doc>Fails if the given condition is not true.</doc>
<arguments>
<arg>$coursename==$courselist[0]</arg>
</arguments>
<status status="PASS" starttime="20201225 18:45:26.631" endtime="20201225 18:45:26.631"></status>
</kw>
<status status="PASS" starttime="20201225 18:45:16.671" endtime="20201225 18:45:26.631" critical="yes"></status>
</test>
<status status="PASS" starttime="20201225 18:45:16.664" endtime="20201225 18:45:26.631"></status>
</suite>
<status status="PASS" starttime="20201225 18:45:07.662" endtime="20201225 18:45:26.631"></status>
</suite>
<status status="PASS" starttime="20201225 18:45:07.631" endtime="20201225 18:45:26.646"></status>
</suite>
<statistics>
<total>
<stat pass="1" fail="0">Critical Tests</stat>
<stat pass="1" fail="0">All Tests</stat>
</total>
<tag>
</tag>
<suite>
<stat pass="1" fail="0" id="s1" name="Testcase">Testcase</stat>
<stat pass="1" fail="0" id="s1-s1" name="登录学校账号">Testcase.登录学校账号</stat>
<stat pass="1" fail="0" id="s1-s1-s1" name="Rob">Testcase.登录学校账号.Rob</stat>
</suite>
</statistics>
<errors>
</errors>
</robot>
